{"C:\\Users\\lenovo\\Desktop\\مشروع حصتي\\Hosatie_project\\Hosatie\\src\\composables\\useAuthorization.js": {"path":"C:\\Users\\lenovo\\Desktop\\مشروع حصتي\\Hosatie_project\\Hosatie\\src\\composables\\useAuthorization.js","statementMap":{"0":{"start":{"line":2,"column":18},"end":{"line":5,"column":3}},"1":{"start":{"line":3,"column":4},"end":{"line":3,"column":43}},"2":{"start":{"line":3,"column":30},"end":{"line":3,"column":43}},"3":{"start":{"line":4,"column":4},"end":{"line":4,"column":37}},"4":{"start":{"line":7,"column":24},"end":{"line":10,"column":3}},"5":{"start":{"line":8,"column":4},"end":{"line":8,"column":43}},"6":{"start":{"line":8,"column":30},"end":{"line":8,"column":43}},"7":{"start":{"line":9,"column":4},"end":{"line":9,"column":46}},"8":{"start":{"line":12,"column":24},"end":{"line":17,"column":3}},"9":{"start":{"line":13,"column":4},"end":{"line":13,"column":28}},"10":{"start":{"line":13,"column":15},"end":{"line":13,"column":28}},"11":{"start":{"line":14,"column":4},"end":{"line":14,"column":37}},"12":{"start":{"line":14,"column":25},"end":{"line":14,"column":37}},"13":{"start":{"line":15,"column":4},"end":{"line":15,"column":40}},"14":{"start":{"line":15,"column":27},"end":{"line":15,"column":40}},"15":{"start":{"line":16,"column":4},"end":{"line":16,"column":49}},"16":{"start":{"line":19,"column":2},"end":{"line":23,"column":4}}},"fnMap":{"0":{"name":"useAuthorization","decl":{"start":{"line":1,"column":16},"end":{"line":1,"column":32}},"loc":{"start":{"line":1,"column":39},"end":{"line":24,"column":1}},"line":1},"1":{"name":"(anonymous_1)","decl":{"start":{"line":2,"column":18},"end":{"line":2,"column":19}},"loc":{"start":{"line":2,"column":28},"end":{"line":5,"column":3}},"line":2},"2":{"name":"(anonymous_2)","decl":{"start":{"line":7,"column":24},"end":{"line":7,"column":25}},"loc":{"start":{"line":7,"column":30},"end":{"line":10,"column":3}},"line":7},"3":{"name":"(anonymous_3)","decl":{"start":{"line":12,"column":24},"end":{"line":12,"column":25}},"loc":{"start":{"line":12,"column":40},"end":{"line":17,"column":3}},"line":12}},"branchMap":{"0":{"loc":{"start":{"line":3,"column":4},"end":{"line":3,"column":43}},"type":"if","locations":[{"start":{"line":3,"column":4},"end":{"line":3,"column":43}},{"start":{},"end":{}}],"line":3},"1":{"loc":{"start":{"line":3,"column":8},"end":{"line":3,"column":28}},"type":"binary-expr","locations":[{"start":{"line":3,"column":8},"end":{"line":3,"column":13}},{"start":{"line":3,"column":17},"end":{"line":3,"column":28}}],"line":3},"2":{"loc":{"start":{"line":8,"column":4},"end":{"line":8,"column":43}},"type":"if","locations":[{"start":{"line":8,"column":4},"end":{"line":8,"column":43}},{"start":{},"end":{}}],"line":8},"3":{"loc":{"start":{"line":8,"column":8},"end":{"line":8,"column":28}},"type":"binary-expr","locations":[{"start":{"line":8,"column":8},"end":{"line":8,"column":13}},{"start":{"line":8,"column":17},"end":{"line":8,"column":28}}],"line":8},"4":{"loc":{"start":{"line":13,"column":4},"end":{"line":13,"column":28}},"type":"if","locations":[{"start":{"line":13,"column":4},"end":{"line":13,"column":28}},{"start":{},"end":{}}],"line":13},"5":{"loc":{"start":{"line":14,"column":4},"end":{"line":14,"column":37}},"type":"if","locations":[{"start":{"line":14,"column":4},"end":{"line":14,"column":37}},{"start":{},"end":{}}],"line":14},"6":{"loc":{"start":{"line":15,"column":4},"end":{"line":15,"column":40}},"type":"if","locations":[{"start":{"line":15,"column":4},"end":{"line":15,"column":40}},{"start":{},"end":{}}],"line":15}},"s":{"0":17,"1":12,"2":1,"3":11,"4":17,"5":14,"6":2,"7":12,"8":17,"9":10,"10":2,"11":8,"12":1,"13":7,"14":1,"15":6,"16":17},"f":{"0":17,"1":12,"2":14,"3":10},"b":{"0":[1,11],"1":[12,11],"2":[2,12],"3":[14,12],"4":[2,8],"5":[1,7],"6":[1,6]},"_coverageSchema":"1a1c01bbd47fc00a2c39e90264f33305004495a9","hash":"f5d82ee0bb824ebee27d7208f6a390b4728e3927"}
}
