TN:
SF:src\composables\useAuthorization.js
FN:1,useAuthorization
FN:2,(anonymous_1)
FN:7,(anonymous_2)
FN:12,(anonymous_3)
FNF:4
FNH:4
FNDA:17,useAuthorization
FNDA:12,(anonymous_1)
FNDA:14,(anonymous_2)
FNDA:10,(anonymous_3)
DA:2,17
DA:3,12
DA:4,11
DA:7,17
DA:8,14
DA:9,12
DA:12,17
DA:13,10
DA:14,8
DA:15,7
DA:16,6
DA:19,17
LF:12
LH:12
BRDA:3,0,0,1
BRDA:3,0,1,11
BRDA:3,1,0,12
BRDA:3,1,1,11
BRDA:8,2,0,2
BRDA:8,2,1,12
BRDA:8,3,0,14
BRDA:8,3,1,12
BRDA:13,4,0,2
BRDA:13,4,1,8
BRDA:14,5,0,1
BRDA:14,5,1,7
BRDA:15,6,0,1
BRDA:15,6,1,6
BRF:14
BRH:14
end_of_record
